<?xml version="1.0" encoding="UTF-8"?>
<testsuites>
    <testsuite name="add-choices;" tests="10" failures="0" skipped="0">
        <properties>
            <property name="URI" value="C:\Users\ikhla\Desktop\granssnittstestning\features\addChoices.feature">
            </property>
        </properties>
        <testcase name="Given I am on IMDB website" classname="add-choices;" time="7.4109912">
        </testcase>
        <testcase name="And I click at sign in" classname="add-choices;" time="2.7591931">
        </testcase>
        <testcase name="And I click sign in with IMBD" classname="add-choices;" time="2.524290001">
        </testcase>
        <testcase name="And I log into the my account with credentials" classname="add-choices;" time="1.002172499">
        </testcase>
        <testcase name="And the last click sign in" classname="add-choices;" time="4.091516999">
        </testcase>
        <testcase name="Given that I click on menu" classname="add-choices;" time="2.3189931">
        </testcase>
        <testcase name="And I click the Top Rated Movies" classname="add-choices;" time="3.5796682">
        </testcase>
        <testcase name="And I click on the favorite movie &apos;Nyckeln till frihet&apos;" classname="add-choices;" time="4.3016991">
        </testcase>
        <testcase name="When I click on the &apos;Add to Watchlist&apos;" classname="add-choices;" time="0.0002644">
        </testcase>
        <testcase name="Then I should be able to add the item to my watchlist" classname="add-choices;" time="2.2482793">
        </testcase>
    </testsuite>
</testsuites>