<?xml version="1.0" encoding="UTF-8"?>
<testsuites>
    <testsuite name="choose-keyword;choose-keyword-and-entered-it" tests="6" failures="1" skipped="0">
        <properties>
            <property name="URI" value="C:\Users\ikhla\Desktop\granssnittstestning\features\keyWord.feature">
            </property>
        </properties>
        <testcase name="Given I am at the search page" classname="choose-keyword;choose-keyword-and-entered-it" time="9.0599294">
        </testcase>
        <testcase name="When I click on menu" classname="choose-keyword;choose-keyword-and-entered-it" time="1.39159">
        </testcase>
        <testcase name="And I click at Help Center" classname="choose-keyword;choose-keyword-and-entered-it" time="3.203241601">
        </testcase>
        <testcase name="And I entered &quot;How can I delete personal information IMDB stores about me?&quot; in the searchfield" classname="choose-keyword;choose-keyword-and-entered-it" time="3.274199099">
        </testcase>
        <testcase name="And I click at the search button" classname="choose-keyword;choose-keyword-and-entered-it" time="2.3413232">
        </testcase>
        <testcase name="Then I should get a result  of &quot;How can I delete personal information IMDB stores about me?&quot;" classname="choose-keyword;choose-keyword-and-entered-it" time="0.0221621">
            <failure message="TypeError: headline.getText is not a function">TypeError: headline.getText is not a function
    at createWorld.&lt;anonymous&gt; (C:\Users\ikhla\Desktop\granssnittstestning\step-definitions\keyWord.js:38:39)
    at processTicksAndRejections (internal/process/task_queues.js:97:5)</failure>
        </testcase>
    </testsuite>
</testsuites>