<?xml version="1.0" encoding="UTF-8"?>
<testsuites>
    <testsuite name="i-want-to-see-the-upcoming-releases-in-the-united-states.;visit-any-upcoming-release." tests="4" failures="0" skipped="0">
        <properties>
            <property name="URI" value="C:\Users\ikhla\Desktop\granssnittstestning\features\Releases.feature">
            </property>
        </properties>
        <testcase name="Given that i am on imdb website" classname="i-want-to-see-the-upcoming-releases-in-the-united-states.;visit-any-upcoming-release." time="9.0027089">
        </testcase>
        <testcase name="When i click on the menu" classname="i-want-to-see-the-upcoming-releases-in-the-united-states.;visit-any-upcoming-release." time="0.6107577">
        </testcase>
        <testcase name="And i choose to click on &apos;upcoming releases&apos;" classname="i-want-to-see-the-upcoming-releases-in-the-united-states.;visit-any-upcoming-release." time="5.0653552">
        </testcase>
        <testcase name="And i will choose to click on &apos;Unhinged&apos; from the list." classname="i-want-to-see-the-upcoming-releases-in-the-united-states.;visit-any-upcoming-release." time="4.2143166">
        </testcase>
    </testsuite>
    <testsuite name="i-want-to-see-the-upcoming-releases-in-the-united-states.;visit-any-upcoming-release." tests="6" failures="0" skipped="0">
        <properties>
            <property name="URI" value="C:\Users\ikhla\Desktop\granssnittstestning\features\Releases.feature">
            </property>
        </properties>
        <testcase name="Given that i am on imdb website" classname="i-want-to-see-the-upcoming-releases-in-the-united-states.;visit-any-upcoming-release." time="8.820487001">
        </testcase>
        <testcase name="When i click on the menu" classname="i-want-to-see-the-upcoming-releases-in-the-united-states.;visit-any-upcoming-release." time="0.507260701">
        </testcase>
        <testcase name="And i choose to click on &apos;upcoming releases&apos;" classname="i-want-to-see-the-upcoming-releases-in-the-united-states.;visit-any-upcoming-release." time="3.186078699">
        </testcase>
        <testcase name="And i will choose to click on &apos;Unhinged&apos; from the list." classname="i-want-to-see-the-upcoming-releases-in-the-united-states.;visit-any-upcoming-release." time="4.479403801">
        </testcase>
        <testcase name="Then choose to see the trailer" classname="i-want-to-see-the-upcoming-releases-in-the-united-states.;visit-any-upcoming-release." time="3.510900199">
        </testcase>
        <testcase name="And be able to watch" classname="i-want-to-see-the-upcoming-releases-in-the-united-states.;visit-any-upcoming-release." time="2.413417099">
        </testcase>
    </testsuite>
</testsuites>