<?xml version="1.0" encoding="UTF-8"?>
<testsuites>
    <testsuite name="get-result-from-the-serchfield;reserch-at-the-help-center" tests="5" failures="0" skipped="0">
        <properties>
            <property name="URI" value="C:\Users\ikhla\Desktop\granssnittstestning\features\keyWord.feature">
            </property>
        </properties>
        <testcase name="Given I am at the search page" classname="get-result-from-the-serchfield;reserch-at-the-help-center" time="10.6807267">
        </testcase>
        <testcase name="When I click on menu" classname="get-result-from-the-serchfield;reserch-at-the-help-center" time="1.873416">
        </testcase>
        <testcase name="And I click at Help Center" classname="get-result-from-the-serchfield;reserch-at-the-help-center" time="2.527843201">
        </testcase>
        <testcase name="And I entered &quot;How can I delete personal information IMDB stores about me?&quot; in the searchfield" classname="get-result-from-the-serchfield;reserch-at-the-help-center" time="2.253093">
        </testcase>
        <testcase name="And I click at the search button to get the result" classname="get-result-from-the-serchfield;reserch-at-the-help-center" time="2.3541129">
        </testcase>
    </testsuite>
    <testsuite name="get-result-from-the-serchfield;reserch-at-the-jobs" tests="5" failures="0" skipped="0">
        <properties>
            <property name="URI" value="C:\Users\ikhla\Desktop\granssnittstestning\features\keyWord.feature">
            </property>
        </properties>
        <testcase name="Given I am at the search page" classname="get-result-from-the-serchfield;reserch-at-the-jobs" time="10.7823904">
        </testcase>
        <testcase name="When I clicked the All-DropDownMenu button" classname="get-result-from-the-serchfield;reserch-at-the-jobs" time="2.020268499">
        </testcase>
        <testcase name="And I select &apos;Titles&apos; in the drop-down menu" classname="get-result-from-the-serchfield;reserch-at-the-jobs" time="2.467315">
        </testcase>
        <testcase name="And I write &quot;the best offer&quot; in the searchfield" classname="get-result-from-the-serchfield;reserch-at-the-jobs" time="2.879315801">
        </testcase>
        <testcase name="Then I expect get a list of &quot;the best offer&quot;" classname="get-result-from-the-serchfield;reserch-at-the-jobs" time="2.133713">
        </testcase>
    </testsuite>
</testsuites>