<?xml version="1.0" encoding="UTF-8"?>
<testsuites>
    <testsuite name="user-profile;changing-of-login-detail" tests="12" failures="0" skipped="6">
        <properties>
            <property name="URI" value="C:\Users\ikhla\Desktop\granssnittstestning\features\userProfile.feature">
            </property>
        </properties>
        <testcase name="Given I am on IMDB website" classname="user-profile;changing-of-login-detail" time="10.3189071">
        </testcase>
        <testcase name="And I click at sign in" classname="user-profile;changing-of-login-detail" time="3.426178701">
        </testcase>
        <testcase name="And I click sign in with IMBD" classname="user-profile;changing-of-login-detail" time="2.7400017">
        </testcase>
        <testcase name="And I log into the my account with credentials" classname="user-profile;changing-of-login-detail" time="1.006613301">
        </testcase>
        <testcase name="And the last click sign in" classname="user-profile;changing-of-login-detail" time="5.9632646">
        </testcase>
        <testcase name="Given That I choose account settings from my account" classname="user-profile;changing-of-login-detail" time="3.0306758">
        </testcase>
        <testcase name="And I sign in with IMDb" classname="user-profile;changing-of-login-detail">
            <skipped message="">
            </skipped>
        </testcase>
        <testcase name="And I Sign-In" classname="user-profile;changing-of-login-detail">
            <skipped message="">
            </skipped>
        </testcase>
        <testcase name="And I chang my user Id" classname="user-profile;changing-of-login-detail">
            <skipped message="">
            </skipped>
        </testcase>
        <testcase name="And I enterd a text into my Bio" classname="user-profile;changing-of-login-detail">
            <skipped message="">
            </skipped>
        </testcase>
        <testcase name="When I chang my password" classname="user-profile;changing-of-login-detail">
            <skipped message="">
            </skipped>
        </testcase>
        <testcase name="Then I expect that I can sign in with the new user Id" classname="user-profile;changing-of-login-detail">
            <skipped message="">
            </skipped>
        </testcase>
    </testsuite>
</testsuites>